Initialising cipher: aes-256-cfb
Running in local mode.
Listen UDP socket state changed to QAbstractSocket::BoundState
SOCKS5 port is 45437
Running as a HTTP proxy server
TCP server listening at 127.0.0.1:1080
Invalid URL:  QUrl("")
Invalid URL:  QUrl("")
Invalid URL:  QUrl("")
Invalid URL:  QUrl("")
Invalid URL:  QUrl("")
Invalid URL:  QUrl("")
Invalid URL:  QUrl("")
Invalid URL:  QUrl("")
Invalid URL:  QUrl("")
Connecting www.google.com:443 from 127.0.0.1:43082
Connecting service.insttranslate.com:443 from 127.0.0.1:43088
Connecting ssl.gstatic.com:443 from 127.0.0.1:43094
Connecting www.gstatic.com:443 from 127.0.0.1:43100
Connecting apis.google.com:443 from 127.0.0.1:43106
Connecting arxiv.org:443 from 127.0.0.1:43112
Connecting arxiv.org:443 from 127.0.0.1:43118
Connecting arxiv.org:443 from 127.0.0.1:43124
Connecting static.arxiv.org:443 from 127.0.0.1:43128
Connecting static.arxiv.org:443 from 127.0.0.1:43136
Connecting static.arxiv.org:443 from 127.0.0.1:43140
Connecting static.arxiv.org:443 from 127.0.0.1:43148
Connecting static.arxiv.org:443 from 127.0.0.1:43154
Connecting static.arxiv.org:443 from 127.0.0.1:43160
Connecting webanalytics.library.cornell.edu:443 from 127.0.0.1:43166
Connecting android.clients.google.com:443 from 127.0.0.1:43172
Remote socket: The remote host closed the connection
Connecting webanalytics.library.cornell.edu:443 from 127.0.0.1:43178
Local socket: The remote host closed the connection
Connecting webanalytics.library.cornell.edu:443 from 127.0.0.1:43184
Local socket: The remote host closed the connection
Remote socket: The remote host closed the connection
Local socket: The remote host closed the connection
Connecting arxiv.org:443 from 127.0.0.1:43196
Connecting arxiv.org:443 from 127.0.0.1:43198
Local socket: The remote host closed the connection
Local socket: The remote host closed the connection
Local socket: The remote host closed the connection
Remote socket: The remote host closed the connection
Connecting arxiv.org:443 from 127.0.0.1:43222
Connecting arxiv.org:443 from 127.0.0.1:43224
Connecting webanalytics.library.cornell.edu:443 from 127.0.0.1:43226
Connecting service.insttranslate.com:443 from 127.0.0.1:43236
Connecting beacons.gcp.gvt2.com:443 from 127.0.0.1:43242
Remote socket: The remote host closed the connection
Connecting webanalytics.library.cornell.edu:443 from 127.0.0.1:43248
Local socket: The remote host closed the connection
Connecting arxiv.org:443 from 127.0.0.1:43254
Connecting arxiv.org:443 from 127.0.0.1:43260
Connecting arxiv.org:443 from 127.0.0.1:43266
Local socket: The remote host closed the connection
Remote socket: The remote host closed the connection
Remote socket: The remote host closed the connection
Remote socket: The remote host closed the connection
Remote socket: The remote host closed the connection
Remote socket: The remote host closed the connection
Remote socket: The remote host closed the connection
Remote socket: The remote host closed the connection
Remote socket: The remote host closed the connection
Remote socket: The remote host closed the connection
Remote socket: The remote host closed the connection
Remote socket: The remote host closed the connection
Remote socket: The remote host closed the connection
Remote socket: The remote host closed the connection
Remote socket: The remote host closed the connection
Remote socket: The remote host closed the connection
Remote socket: The remote host closed the connection
Remote socket: The remote host closed the connection
Connecting suggestion.baidu.com:80 from 127.0.0.1:43274
Local socket: The remote host closed the connection
Connecting suggestion.baidu.com:80 from 127.0.0.1:43280
QIODevice::write (QTcpSocket): device not open
Local socket: The remote host closed the connection
Connecting mail.qq.com:443 from 127.0.0.1:43292
Connecting rl.mail.qq.com:443 from 127.0.0.1:43294
Connecting rescdn.qqmail.com:443 from 127.0.0.1:43296
Connecting clients4.google.com:443 from 127.0.0.1:43306
Connecting service.insttranslate.com:443 from 127.0.0.1:43312
Connecting ssl.ptlogin2.qq.com:443 from 127.0.0.1:43320
Connecting tajs.qq.com:443 from 127.0.0.1:43326
Connecting ssl.captcha.qq.com:443 from 127.0.0.1:43332
Connecting ssl.ptlogin2.qq.com:443 from 127.0.0.1:43338
Connecting ty.captcha.qq.com:443 from 127.0.0.1:43344
Connecting huatuospeed.weiyun.com:443 from 127.0.0.1:43350
Connecting xui.ptlogin2.qq.com:443 from 127.0.0.1:43356
Connecting ui.ptlogin2.qq.com:443 from 127.0.0.1:43362
Connecting captcha.gtimg.com:443 from 127.0.0.1:43368
Connecting captcha.gtimg.com:443 from 127.0.0.1:43374
Remote socket: The remote host closed the connection
Connecting pingtas.qq.com:443 from 127.0.0.1:43380
Local socket: The remote host closed the connection
Connecting huatuospeed.weiyun.com:443 from 127.0.0.1:43386
Connecting huatuospeed.weiyun.com:443 from 127.0.0.1:43392
Remote socket: The remote host closed the connection
Remote socket: The remote host closed the connection
Local socket: The remote host closed the connection
Local socket: The remote host closed the connection
Connecting hy.captcha.qq.com:443 from 127.0.0.1:43400
Connecting hy.captcha.qq.com:443 from 127.0.0.1:43402
Connecting dj.captcha.qq.com:443 from 127.0.0.1:43410
Local socket: The remote host closed the connection
Connecting report.huatuo.qq.com:443 from 127.0.0.1:43416
Connecting ssl.ptlogin2.mail.qq.com:443 from 127.0.0.1:43422
Connecting tajs.qq.com:443 from 127.0.0.1:43430
Connecting res.mail.qq.com:443 from 127.0.0.1:43432
Connecting js.aq.qq.com:443 from 127.0.0.1:43440
Connecting wp.mail.qq.com:443 from 127.0.0.1:43446
Local socket: The remote host closed the connection
Local socket: The remote host closed the connection
Connecting clients1.google.com:443 from 127.0.0.1:43452
Connecting szup.btfs.mail.ftn.qq.com:443 from 127.0.0.1:43458
Connecting www.google.com:443 from 127.0.0.1:43464
Remote socket: The remote host closed the connection
Remote socket: The remote host closed the connection
Connecting az764295.vo.msecnd.net:443 from 127.0.0.1:43470
Local socket: The remote host closed the connection
Remote socket: The remote host closed the connection
Connecting mtalk.google.com:443 from 127.0.0.1:43476
Remote socket: The remote host closed the connection
Remote socket: The remote host closed the connection
Remote socket: The remote host closed the connection
Remote socket: The remote host closed the connection
Remote socket: The remote host closed the connection
Remote socket: The remote host closed the connection
Remote socket: The remote host closed the connection
Remote socket: The remote host closed the connection
Remote socket: The remote host closed the connection
Remote socket: The remote host closed the connection
Remote socket: The remote host closed the connection
Remote socket: The remote host closed the connection
Remote socket: The remote host closed the connection
Remote socket: The remote host closed the connection
Remote socket: The remote host closed the connection
Remote socket: The remote host closed the connection
Remote socket: The remote host closed the connection
Remote socket: The remote host closed the connection
TCP connection timeout.
TCP connection timeout.
TCP connection timeout.
TCP connection timeout.
TCP connection timeout.
TCP connection timeout.
TCP connection timeout.
TCP connection timeout.
TCP connection timeout.
Connecting www.googleapis.com:443 from 127.0.0.1:43508
TCP connection timeout.
Connecting clients4.google.com:443 from 127.0.0.1:43514
TCP connection timeout.
TCP connection timeout.
TCP connection timeout.
TCP connection timeout.
TCP connection timeout.
TCP connection timeout.
TCP connection timeout.
TCP connection timeout.
TCP connection timeout.
TCP connection timeout.
TCP connection timeout.
TCP connection timeout.
Connecting clients4.google.com:443 from 127.0.0.1:43522
TCP connection timeout.
Remote socket: The remote host closed the connection
Remote socket: The remote host closed the connection
TCP connection timeout.
TCP connection timeout.
TCP connection timeout.
TCP connection timeout.
TCP connection timeout.
TCP connection timeout.
TCP connection timeout.
TCP connection timeout.
TCP connection timeout.
TCP connection timeout.
TCP connection timeout.
TCP connection timeout.
TCP connection timeout.
TCP connection timeout.
TCP connection timeout.
TCP connection timeout.
TCP connection timeout.
TCP connection timeout.
TCP connection timeout.
TCP connection timeout.
Remote socket: The remote host closed the connection
TCP connection timeout.
TCP connection timeout.
TCP connection timeout.
TCP connection timeout.
TCP connection timeout.
TCP connection timeout.
TCP connection timeout.
TCP connection timeout.
TCP connection timeout.
TCP connection timeout.
TCP connection timeout.
TCP connection timeout.
TCP connection timeout.
TCP connection timeout.
Connecting translate.google.com:443 from 127.0.0.1:43536
Connecting translate.google.com:443 from 127.0.0.1:43538
Local socket: The remote host closed the connection
Connecting service.insttranslate.com:443 from 127.0.0.1:43546
Connecting fonts.googleapis.com:443 from 127.0.0.1:43552
Connecting www.onlinedoctranslator.com:443 from 127.0.0.1:43560
Connecting www.onlinedoctranslator.com:443 from 127.0.0.1:43562
Connecting id.google.com:443 from 127.0.0.1:43570
TCP connection timeout.
Connecting play.google.com:443 from 127.0.0.1:43576
Local socket: The remote host closed the connection
Connecting www.onlineocr.net:443 from 127.0.0.1:43584
Connecting www.onlineocr.net:443 from 127.0.0.1:43586
Local socket: The remote host closed the connection
Local socket: The remote host closed the connection
Local socket: The remote host closed the connection
Local socket: The remote host closed the connection
Connecting play.google.com:443 from 127.0.0.1:43594
Connecting service.insttranslate.com:443 from 127.0.0.1:43602
Connecting www.onlineocr.net:443 from 127.0.0.1:43606
Connecting www.onlineocr.net:443 from 127.0.0.1:43608
Connecting www.onlineocr.net:443 from 127.0.0.1:43616
Connecting www.onlineocr.net:443 from 127.0.0.1:43624
Connecting s7.addthis.com:443 from 127.0.0.1:43630
Connecting ssl.google-analytics.com:443 from 127.0.0.1:43636
Local socket: The remote host closed the connection
Local socket: The remote host closed the connection
Local socket: The remote host closed the connection
Local socket: The remote host closed the connection
Local socket: The remote host closed the connection
Local socket: The remote host closed the connection
Connecting translate.google.com:443 from 127.0.0.1:43642
TCP connection timeout.
TCP connection timeout.
Connecting www.gstatic.com:443 from 127.0.0.1:43648
Connecting ssl.gstatic.com:443 from 127.0.0.1:43654
Connecting www.gstatic.com:443 from 127.0.0.1:43660
Connecting ssl.gstatic.com:443 from 127.0.0.1:43672
Connecting ssl.gstatic.com:443 from 127.0.0.1:43676
Connecting ssl.gstatic.com:443 from 127.0.0.1:43680
Connecting ssl.gstatic.com:443 from 127.0.0.1:43682
Connecting ssl.gstatic.com:443 from 127.0.0.1:43684
Connecting clients1.google.com:443 from 127.0.0.1:43686
TCP connection timeout.
Connecting translate.google.com:443 from 127.0.0.1:43702
Local socket: The remote host closed the connection
Local socket: The remote host closed the connection
Local socket: The remote host closed the connection
Local socket: The remote host closed the connection
Local socket: The remote host closed the connection
Local socket: The remote host closed the connection
Local socket: The remote host closed the connection
Local socket: The remote host closed the connection
Local socket: The remote host closed the connection
Remote socket: The remote host closed the connection
Remote socket: The remote host closed the connection
Remote socket: The remote host closed the connection
TCP connection timeout.
Remote socket: The remote host closed the connection
Remote socket: The remote host closed the connection
Remote socket: The remote host closed the connection
Remote socket: The remote host closed the connection
Remote socket: The remote host closed the connection
Remote socket: The remote host closed the connection
Connecting id.google.com:443 from 127.0.0.1:43840
Connecting fonts.googleapis.com:443 from 127.0.0.1:43842
Connecting apis.google.com:443 from 127.0.0.1:43844
Connecting translate.googleusercontent.com:443 from 127.0.0.1:43854
Connecting translate.google.com:443 from 127.0.0.1:43864
Local socket: The remote host closed the connection
Local socket: The remote host closed the connection
Local socket: The remote host closed the connection
Connecting service.insttranslate.com:443 from 127.0.0.1:43870
Connecting play.google.com:443 from 127.0.0.1:43876
Connecting play.google.com:443 from 127.0.0.1:43882
Connecting inputtools.google.com:443 from 127.0.0.1:43888
Connecting ssl.gstatic.com:443 from 127.0.0.1:43894
Connecting ssl.gstatic.com:443 from 127.0.0.1:43906
Connecting ssl.gstatic.com:443 from 127.0.0.1:43912
Connecting ssl.gstatic.com:443 from 127.0.0.1:43910
Connecting ssl.gstatic.com:443 from 127.0.0.1:43914
Connecting ssl.gstatic.com:443 from 127.0.0.1:43916
TCP connection timeout.
TCP connection timeout.
TCP connection timeout.
TCP connection timeout.
Local socket: The remote host closed the connection
Connecting wp.mail.qq.com:443 from 127.0.0.1:43930
Local socket: The remote host closed the connection
Local socket: The remote host closed the connection
Local socket: The remote host closed the connection
Local socket: The remote host closed the connection
Local socket: The remote host closed the connection
Connecting mail.qq.com:443 from 127.0.0.1:43956
TCP connection timeout.
TCP connection timeout.
TCP connection timeout.
Connecting beacons.gcp.gvt2.com:443 from 127.0.0.1:43962
TCP connection timeout.
TCP connection timeout.
Connecting www.gstatic.com:80 from 127.0.0.1:43968
Connecting id.google.com:443 from 127.0.0.1:43978
Connecting fonts.googleapis.com:443 from 127.0.0.1:43980
Connecting apis.google.com:443 from 127.0.0.1:43982
Connecting play.google.com:443 from 127.0.0.1:43992
TCP connection timeout.
Local socket: The remote host closed the connection
Connecting wp.mail.qq.com:443 from 127.0.0.1:43998
TCP connection timeout.
Connecting suggestion.baidu.com:80 from 127.0.0.1:44004
Local socket: The remote host closed the connection
Connecting suggestion.baidu.com:80 from 127.0.0.1:44010
Local socket: The remote host closed the connection
Connecting suggestion.baidu.com:80 from 127.0.0.1:44020
QIODevice::write (QTcpSocket): device not open
Local socket: The remote host closed the connection
Connecting suggestion.baidu.com:80 from 127.0.0.1:44026
QIODevice::write (QTcpSocket): device not open
Local socket: The remote host closed the connection
Connecting suggestion.baidu.com:80 from 127.0.0.1:44032
Local socket: The remote host closed the connection
Connecting suggestion.baidu.com:80 from 127.0.0.1:44048
Local socket: The remote host closed the connection
Connecting suggestion.baidu.com:80 from 127.0.0.1:44058
Local socket: The remote host closed the connection
Connecting xn--pdf-mf2e5s:80 from 127.0.0.1:44066
Local socket: The remote host closed the connection
Local socket: The remote host closed the connection
Local socket: The remote host closed the connection
Connecting www.baidu.com:443 from 127.0.0.1:44074
Connecting www.baidu.com:443 from 127.0.0.1:44076
TCP connection timeout.
Remote socket: The remote host closed the connection
Connecting www.googleapis.com:443 from 127.0.0.1:44088
Connecting www.baidu.com:443 from 127.0.0.1:44094
Connecting ss0.baidu.com:443 from 127.0.0.1:44100
Connecting ss0.baidu.com:443 from 127.0.0.1:44104
Connecting ss1.baidu.com:443 from 127.0.0.1:44110
Connecting ss2.baidu.com:443 from 127.0.0.1:44118
Connecting ss2.baidu.com:443 from 127.0.0.1:44124
Connecting ss2.baidu.com:443 from 127.0.0.1:44130
Connecting ss1.baidu.com:443 from 127.0.0.1:44136
Connecting ss0.baidu.com:443 from 127.0.0.1:44142
Connecting ss2.baidu.com:443 from 127.0.0.1:44148
Connecting ss2.bdstatic.com:443 from 127.0.0.1:44154
Connecting ss3.baidu.com:443 from 127.0.0.1:44160
Connecting ss0.baidu.com:443 from 127.0.0.1:44166
Connecting ss1.baidu.com:443 from 127.0.0.1:44170
TCP connection timeout.
TCP connection timeout.
Connecting ss0.baidu.com:443 from 127.0.0.1:44178
Local socket: The remote host closed the connection
Connecting ss0.baidu.com:443 from 127.0.0.1:44184
TCP connection timeout.
Remote socket: The remote host closed the connection
Remote socket: The remote host closed the connection
Remote socket: The remote host closed the connection
Connecting sp2.baidu.com:443 from 127.0.0.1:44192
Remote socket: The remote host closed the connection
Remote socket: The remote host closed the connection
Remote socket: The remote host closed the connection
Remote socket: The remote host closed the connection
Remote socket: The remote host closed the connection
Local socket: The remote host closed the connection
Local socket: The remote host closed the connection
Remote socket: The remote host closed the connection
Remote socket: The remote host closed the connection
Connecting www.pdfdo.com:80 from 127.0.0.1:44200
Remote socket: The remote host closed the connection
Connecting www.pdfdo.com:80 from 127.0.0.1:44204
Connecting www.pdfdo.com:80 from 127.0.0.1:44210
Connecting www.pdfdo.com:80 from 127.0.0.1:44218
Connecting www.pdfdo.com:80 from 127.0.0.1:44220
Local socket: The remote host closed the connection
Local socket: The remote host closed the connection
Connecting www.pdfdo.com:80 from 127.0.0.1:44228
Connecting s23.cnzz.com:443 from 127.0.0.1:44234
Connecting hm.baidu.com:443 from 127.0.0.1:44240
Connecting www.google-analytics.com:443 from 127.0.0.1:44246
Connecting c.cnzz.com:443 from 127.0.0.1:44252
Connecting hzs3.cnzz.com:443 from 127.0.0.1:44258
Connecting cnzz.mmstat.com:443 from 127.0.0.1:44264
Remote socket: The remote host closed the connection
Connecting www.taobao.com:80 from 127.0.0.1:44270
Connecting www.taobao.com:443 from 127.0.0.1:44276
Connecting world.taobao.com:443 from 127.0.0.1:44282
Local socket: The remote host closed the connection
Connecting clients1.google.com:443 from 127.0.0.1:44288
Local socket: The remote host closed the connection
Connecting hm.baidu.com:443 from 127.0.0.1:44294
TCP connection timeout.
Remote socket: The remote host closed the connection
TCP connection timeout.
TCP connection timeout.
TCP connection timeout.
Local socket: The remote host closed the connection
Connecting hmcdn.baidu.com:443 from 127.0.0.1:44310
Connecting hm.baidu.com:443 from 127.0.0.1:44306
Connecting hzs3.cnzz.com:443 from 127.0.0.1:44308
Invalid URL:  QUrl("")
Local socket: The remote host closed the connection
Invalid URL:  QUrl("")
Local socket: The remote host closed the connection
Local socket: The remote host closed the connection
Invalid URL:  QUrl("")
Local socket: The remote host closed the connection
Invalid URL:  QUrl("")
Local socket: The remote host closed the connection
Local socket: The remote host closed the connection
Local socket: The remote host closed the connection
Connecting www.pdfdo.com:80 from 127.0.0.1:44326
TCP connection timeout.
TCP connection timeout.
Remote socket: The remote host closed the connection
Remote socket: The remote host closed the connection
TCP connection timeout.
TCP connection timeout.
Remote socket: The remote host closed the connection
Remote socket: The remote host closed the connection
Remote socket: The remote host closed the connection
Remote socket: The remote host closed the connection
TCP connection timeout.
Remote socket: The remote host closed the connection
Local socket: The remote host closed the connection
Local socket: The remote host closed the connection
Local socket: The remote host closed the connection
Connecting mtalk.google.com:5228 from 127.0.0.1:44334
Remote socket: The remote host closed the connection
Connecting clients4.google.com:443 from 127.0.0.1:44340
Remote socket: The remote host closed the connection
TCP connection timeout.
Remote socket: The remote host closed the connection
TCP connection timeout.
Remote socket: The remote host closed the connection
Remote socket: The remote host closed the connection
Remote socket: The remote host closed the connection
Remote socket: The remote host closed the connection
Remote socket: The remote host closed the connection
Remote socket: The remote host closed the connection
Remote socket: The remote host closed the connection
Remote socket: The remote host closed the connection
Remote socket: The remote host closed the connection
Remote socket: The remote host closed the connection
Remote socket: The remote host closed the connection
Local socket: The remote host closed the connection
Local socket: The remote host closed the connection
TCP connection timeout.
TCP connection timeout.
TCP connection timeout.
TCP connection timeout.
TCP connection timeout.
TCP connection timeout.
Remote socket: The remote host closed the connection
Remote socket: The remote host closed the connection
TCP connection timeout.
TCP connection timeout.
TCP connection timeout.
TCP connection timeout.
TCP connection timeout.
TCP connection timeout.
TCP connection timeout.
TCP connection timeout.
TCP connection timeout.
TCP connection timeout.
TCP connection timeout.
TCP connection timeout.
TCP connection timeout.
TCP connection timeout.
Remote socket: The remote host closed the connection
Remote socket: The remote host closed the connection
TCP connection timeout.
TCP connection timeout.
TCP connection timeout.
TCP connection timeout.
TCP connection timeout.
TCP connection timeout.
TCP connection timeout.
TCP connection timeout.
TCP connection timeout.
TCP connection timeout.
TCP connection timeout.
TCP connection timeout.
TCP connection timeout.
Connecting fonts.googleapis.com:443 from 127.0.0.1:44466
Connecting www.gstatic.com:443 from 127.0.0.1:44468
Connecting apis.google.com:443 from 127.0.0.1:44470
TCP connection timeout.
Connecting play.google.com:443 from 127.0.0.1:44484
Connecting translate.google.com:443 from 127.0.0.1:44490
Local socket: The remote host closed the connection
Local socket: The remote host closed the connection
Local socket: The remote host closed the connection
Connecting fonts.googleapis.com:443 from 127.0.0.1:44502
Connecting www.gstatic.com:443 from 127.0.0.1:44504
Connecting apis.google.com:443 from 127.0.0.1:44506
Connecting service.insttranslate.com:443 from 127.0.0.1:44516
Connecting wp.mail.qq.com:443 from 127.0.0.1:44522
Local socket: The remote host closed the connection
Local socket: The remote host closed the connection
Local socket: The remote host closed the connection
Connecting translate.googleusercontent.com:443 from 127.0.0.1:44528
Connecting www.gstatic.com:443 from 127.0.0.1:44534
Connecting csi.gstatic.com:443 from 127.0.0.1:44540
Connecting www.gstatic.com:443 from 127.0.0.1:44546
Connecting www.gstatic.com:443 from 127.0.0.1:44554
Connecting www.gstatic.com:443 from 127.0.0.1:44556
Connecting www.gstatic.com:443 from 127.0.0.1:44562
Connecting www.gstatic.com:443 from 127.0.0.1:44564
Connecting www.google.com:443 from 127.0.0.1:44576
Connecting www.google.com:443 from 127.0.0.1:44582
TCP connection timeout.
TCP connection timeout.
TCP connection timeout.
TCP connection timeout.
TCP connection timeout.
TCP connection timeout.
TCP connection timeout.
TCP connection timeout.
TCP connection timeout.
TCP connection timeout.
TCP connection timeout.
TCP connection timeout.
TCP connection timeout.
TCP connection timeout.
TCP connection timeout.
TCP connection timeout.
TCP connection timeout.
Remote socket: The remote host closed the connection
TCP connection timeout.
TCP connection timeout.
TCP connection timeout.
TCP connection timeout.
TCP connection timeout.
TCP connection timeout.
TCP connection timeout.
TCP connection timeout.
TCP connection timeout.
TCP connection timeout.
TCP connection timeout.
TCP connection timeout.
TCP connection timeout.
TCP connection timeout.
Local socket: The remote host closed the connection
Local socket: The remote host closed the connection
Local socket: The remote host closed the connection
Local socket: The remote host closed the connection
Local socket: The remote host closed the connection
Connecting inputtools.google.com:443 from 127.0.0.1:44588
Connecting google.com:443 from 127.0.0.1:44594
Connecting beacons.gcp.gvt2.com:443 from 127.0.0.1:44604
Connecting clients4.google.com:443 from 127.0.0.1:44610
TCP connection timeout.
Remote socket: The remote host closed the connection
TCP connection timeout.
TCP connection timeout.
Connecting clients4.google.com:443 from 127.0.0.1:44616
Connecting clientservices.googleapis.com:443 from 127.0.0.1:44642
TCP connection timeout.
Remote socket: The remote host closed the connection
Remote socket: The remote host closed the connection
Remote socket: The remote host closed the connection
Remote socket: The remote host closed the connection
Remote socket: The remote host closed the connection
Remote socket: The remote host closed the connection
Remote socket: The remote host closed the connection
Remote socket: The remote host closed the connection
Remote socket: The remote host closed the connection
TCP connection timeout.
TCP connection timeout.
TCP connection timeout.
Remote socket: The remote host closed the connection
TCP connection timeout.
TCP connection timeout.
TCP connection timeout.
TCP connection timeout.
TCP connection timeout.
TCP connection timeout.
TCP connection timeout.
TCP connection timeout.
TCP connection timeout.
TCP connection timeout.
TCP connection timeout.
TCP connection timeout.
TCP connection timeout.
Remote socket: The remote host closed the connection
TCP connection timeout.
Remote socket: The remote host closed the connection
TCP connection timeout.
TCP connection timeout.
TCP connection timeout.
TCP connection timeout.
TCP connection timeout.
TCP connection timeout.
TCP connection timeout.
TCP connection timeout.
TCP connection timeout.
TCP connection timeout.
TCP connection timeout.
TCP connection timeout.
TCP connection timeout.
TCP connection timeout.
TCP connection timeout.
TCP connection timeout.
TCP connection timeout.
TCP connection timeout.
TCP connection timeout.
TCP connection timeout.
TCP connection timeout.
TCP connection timeout.
TCP connection timeout.
TCP connection timeout.
TCP connection timeout.
TCP connection timeout.
TCP connection timeout.
TCP connection timeout.
TCP connection timeout.
TCP connection timeout.
TCP connection timeout.
TCP connection timeout.
TCP connection timeout.
TCP connection timeout.
TCP connection timeout.
TCP connection timeout.
TCP connection timeout.
TCP connection timeout.
TCP connection timeout.
TCP connection timeout.
TCP connection timeout.
TCP connection timeout.
TCP connection timeout.
TCP connection timeout.
TCP connection timeout.
TCP connection timeout.
TCP connection timeout.
TCP connection timeout.
TCP connection timeout.
TCP connection timeout.
TCP connection timeout.
TCP connection timeout.
TCP connection timeout.
TCP connection timeout.
TCP connection timeout.
TCP connection timeout.
TCP connection timeout.
TCP connection timeout.
TCP connection timeout.
TCP connection timeout.
TCP connection timeout.
TCP connection timeout.
TCP connection timeout.
TCP connection timeout.
TCP connection timeout.
TCP connection timeout.
TCP connection timeout.
TCP connection timeout.
TCP connection timeout.
TCP connection timeout.
TCP connection timeout.
TCP connection timeout.
TCP connection timeout.
TCP connection timeout.
TCP connection timeout.
TCP connection timeout.
TCP connection timeout.
TCP connection timeout.
TCP connection timeout.
TCP connection timeout.
TCP connection timeout.
TCP connection timeout.
TCP connection timeout.
TCP connection timeout.
TCP connection timeout.
TCP connection timeout.
TCP connection timeout.
TCP connection timeout.
TCP connection timeout.
TCP connection timeout.
TCP connection timeout.
TCP connection timeout.
TCP connection timeout.
TCP connection timeout.
TCP connection timeout.
TCP connection timeout.
TCP connection timeout.
TCP connection timeout.
TCP connection timeout.
TCP connection timeout.
TCP connection timeout.
TCP connection timeout.
TCP connection timeout.
TCP connection timeout.
TCP connection timeout.
TCP connection timeout.
TCP connection timeout.
TCP connection timeout.
TCP connection timeout.
TCP connection timeout.
TCP connection timeout.
TCP connection timeout.
TCP connection timeout.
TCP connection timeout.
TCP connection timeout.
TCP connection timeout.
TCP connection timeout.
TCP connection timeout.
Connecting mail.qq.com:443 from 127.0.0.1:44650
Connecting mail.qq.com:443 from 127.0.0.1:44656
TCP connection timeout.
Local socket: The remote host closed the connection
TCP connection timeout.
TCP connection timeout.
TCP connection timeout.
TCP connection timeout.
TCP connection timeout.
TCP connection timeout.
TCP connection timeout.
TCP connection timeout.
TCP connection timeout.
TCP connection timeout.
TCP connection timeout.
TCP connection timeout.
TCP connection timeout.
TCP connection timeout.
TCP connection timeout.
TCP connection timeout.
TCP connection timeout.
TCP connection timeout.
TCP connection timeout.
TCP connection timeout.
TCP connection timeout.
TCP connection timeout.
TCP connection timeout.
TCP connection timeout.
TCP connection timeout.
TCP connection timeout.
TCP connection timeout.
TCP connection timeout.
TCP connection timeout.
TCP connection timeout.
TCP connection timeout.
TCP connection timeout.
TCP connection timeout.
TCP connection timeout.
TCP connection timeout.
TCP connection timeout.
TCP connection timeout.
TCP connection timeout.
TCP connection timeout.
TCP connection timeout.
TCP connection timeout.
TCP connection timeout.
TCP connection timeout.
TCP connection timeout.
TCP connection timeout.
TCP connection timeout.
TCP connection timeout.
TCP connection timeout.
TCP connection timeout.
TCP connection timeout.
TCP connection timeout.
TCP connection timeout.
TCP connection timeout.
TCP connection timeout.
TCP connection timeout.
Remote socket: The remote host closed the connection
TCP connection timeout.
TCP connection timeout.
TCP connection timeout.
TCP connection timeout.
TCP connection timeout.
TCP connection timeout.
TCP connection timeout.
Connecting mtalk.google.com:5228 from 127.0.0.1:44664
TCP connection timeout.
Connecting clients4.google.com:443 from 127.0.0.1:44670
TCP connection timeout.
TCP connection timeout.
TCP connection timeout.
TCP connection timeout.
TCP connection timeout.
TCP connection timeout.
TCP connection timeout.
TCP connection timeout.
TCP connection timeout.
TCP connection timeout.
TCP connection timeout.
TCP connection timeout.
TCP connection timeout.
TCP connection timeout.
TCP connection timeout.
TCP connection timeout.
TCP connection timeout.
TCP connection timeout.
TCP connection timeout.
TCP connection timeout.
TCP connection timeout.
TCP connection timeout.
TCP connection timeout.
TCP connection timeout.
TCP connection timeout.
TCP connection timeout.
TCP connection timeout.
TCP connection timeout.
TCP connection timeout.
TCP connection timeout.
TCP connection timeout.
TCP connection timeout.
TCP connection timeout.
TCP connection timeout.
TCP connection timeout.
TCP connection timeout.
TCP connection timeout.
TCP connection timeout.
TCP connection timeout.
TCP connection timeout.
TCP connection timeout.
TCP connection timeout.
TCP connection timeout.
TCP connection timeout.
TCP connection timeout.
TCP connection timeout.
TCP connection timeout.
TCP connection timeout.
TCP connection timeout.
TCP connection timeout.
TCP connection timeout.
TCP connection timeout.
TCP connection timeout.
TCP connection timeout.
TCP connection timeout.
TCP connection timeout.
TCP connection timeout.
TCP connection timeout.
TCP connection timeout.
TCP connection timeout.
TCP connection timeout.
TCP connection timeout.
TCP connection timeout.
TCP connection timeout.
TCP connection timeout.
Remote socket: The remote host closed the connection
Remote socket: The remote host closed the connection
TCP connection timeout.
TCP connection timeout.
TCP connection timeout.
TCP connection timeout.
TCP connection timeout.
TCP connection timeout.
TCP connection timeout.
TCP connection timeout.
TCP connection timeout.
TCP connection timeout.
TCP connection timeout.
TCP connection timeout.
TCP connection timeout.
TCP connection timeout.
TCP connection timeout.
TCP connection timeout.
TCP connection timeout.
TCP connection timeout.
TCP connection timeout.
TCP connection timeout.
TCP connection timeout.
TCP connection timeout.
TCP connection timeout.
TCP connection timeout.
TCP connection timeout.
TCP connection timeout.
TCP connection timeout.
TCP connection timeout.
TCP connection timeout.
TCP connection timeout.
TCP connection timeout.
TCP connection timeout.
TCP connection timeout.
TCP connection timeout.
TCP connection timeout.
TCP connection timeout.
TCP connection timeout.
TCP connection timeout.
TCP connection timeout.
TCP connection timeout.
TCP connection timeout.
TCP connection timeout.
TCP connection timeout.
TCP connection timeout.
TCP connection timeout.
Connecting clients4.google.com:443 from 127.0.0.1:44682
TCP connection timeout.
TCP connection timeout.
TCP connection timeout.
TCP connection timeout.
TCP connection timeout.
TCP connection timeout.
TCP connection timeout.
TCP connection timeout.
TCP connection timeout.
TCP connection timeout.
TCP connection timeout.
TCP connection timeout.
TCP connection timeout.
TCP connection timeout.
TCP connection timeout.
TCP connection timeout.
TCP connection timeout.
TCP connection timeout.
TCP connection timeout.
TCP connection timeout.
TCP connection timeout.
TCP connection timeout.
TCP connection timeout.
TCP connection timeout.
Connecting clients4.google.com:443 from 127.0.0.1:44688
TCP connection timeout.
TCP connection timeout.
TCP connection timeout.
TCP connection timeout.
TCP connection timeout.
Remote socket: The remote host closed the connection
TCP connection timeout.
TCP connection timeout.
TCP connection timeout.
TCP connection timeout.
TCP connection timeout.
TCP connection timeout.
TCP connection timeout.
TCP connection timeout.
TCP connection timeout.
Connecting clients4.google.com:443 from 127.0.0.1:44696
TCP connection timeout.
TCP connection timeout.
TCP connection timeout.
TCP connection timeout.
TCP connection timeout.
TCP connection timeout.
TCP connection timeout.
TCP connection timeout.
TCP connection timeout.
TCP connection timeout.
TCP connection timeout.
TCP connection timeout.
TCP connection timeout.
TCP connection timeout.
Local socket: The remote host closed the connection
Connecting wp.mail.qq.com:443 from 127.0.0.1:44702
TCP connection timeout.
TCP connection timeout.
TCP connection timeout.
TCP connection timeout.
TCP connection timeout.
TCP connection timeout.
Remote socket: The remote host closed the connection
TCP connection timeout.
TCP connection timeout.
TCP connection timeout.
TCP connection timeout.
TCP connection timeout.
TCP connection timeout.
TCP connection timeout.
TCP connection timeout.
Remote socket: The remote host closed the connection
TCP connection timeout.
TCP connection timeout.
TCP connection timeout.
TCP connection timeout.
TCP connection timeout.
TCP connection timeout.
TCP connection timeout.
TCP connection timeout.
TCP connection timeout.
TCP connection timeout.
TCP connection timeout.
TCP connection timeout.
TCP connection timeout.
TCP connection timeout.
TCP connection timeout.
TCP connection timeout.
TCP connection timeout.
Local socket: The remote host closed the connection
Connecting wp.mail.qq.com:443 from 127.0.0.1:44708
TCP connection timeout.
TCP connection timeout.
TCP connection timeout.
TCP connection timeout.
TCP connection timeout.
TCP connection timeout.
TCP connection timeout.
TCP connection timeout.
TCP connection timeout.
TCP connection timeout.
TCP connection timeout.
TCP connection timeout.
TCP connection timeout.
TCP connection timeout.
TCP connection timeout.
TCP connection timeout.
TCP connection timeout.
TCP connection timeout.
TCP connection timeout.
TCP connection timeout.
TCP connection timeout.
TCP connection timeout.
TCP connection timeout.
TCP connection timeout.
TCP connection timeout.
TCP connection timeout.
TCP connection timeout.
TCP connection timeout.
TCP connection timeout.
TCP connection timeout.
TCP connection timeout.
TCP connection timeout.
TCP connection timeout.
Connecting mail.qq.com:443 from 127.0.0.1:44714
Connecting mail.qq.com:443 from 127.0.0.1:44720
TCP connection timeout.
TCP connection timeout.
TCP connection timeout.
TCP connection timeout.
TCP connection timeout.
TCP connection timeout.
TCP connection timeout.
TCP connection timeout.
TCP connection timeout.
TCP connection timeout.
TCP connection timeout.
TCP connection timeout.
TCP connection timeout.
TCP connection timeout.
TCP connection timeout.
TCP connection timeout.
TCP connection timeout.
TCP connection timeout.
TCP connection timeout.
TCP connection timeout.
TCP connection timeout.
TCP connection timeout.
TCP connection timeout.
TCP connection timeout.
TCP connection timeout.
TCP connection timeout.
TCP connection timeout.
TCP connection timeout.
TCP connection timeout.
TCP connection timeout.
TCP connection timeout.
TCP connection timeout.
TCP connection timeout.
TCP connection timeout.
Local socket: The remote host closed the connection
TCP connection timeout.
TCP connection timeout.
TCP connection timeout.
TCP connection timeout.
TCP connection timeout.
TCP connection timeout.
TCP connection timeout.
TCP connection timeout.
TCP connection timeout.
TCP connection timeout.
TCP connection timeout.
TCP connection timeout.
TCP connection timeout.
TCP connection timeout.
TCP connection timeout.
TCP connection timeout.
TCP connection timeout.
TCP connection timeout.
TCP connection timeout.
TCP connection timeout.
TCP connection timeout.
TCP connection timeout.
TCP connection timeout.
TCP connection timeout.
TCP connection timeout.
TCP connection timeout.
TCP connection timeout.
TCP connection timeout.
TCP connection timeout.
TCP connection timeout.
TCP connection timeout.
TCP connection timeout.
TCP connection timeout.
TCP connection timeout.
TCP connection timeout.
TCP connection timeout.
TCP connection timeout.
TCP connection timeout.
TCP connection timeout.
TCP connection timeout.
TCP connection timeout.
TCP connection timeout.
TCP connection timeout.
TCP connection timeout.
TCP connection timeout.
Remote socket: The remote host closed the connection
TCP connection timeout.
TCP connection timeout.
TCP connection timeout.
TCP connection timeout.
TCP connection timeout.
TCP connection timeout.
TCP connection timeout.
TCP connection timeout.
TCP connection timeout.
TCP connection timeout.
TCP connection timeout.
TCP connection timeout.
TCP connection timeout.
TCP connection timeout.
TCP connection timeout.
TCP connection timeout.
TCP connection timeout.
TCP connection timeout.
TCP connection timeout.
TCP connection timeout.
TCP connection timeout.
TCP connection timeout.
TCP connection timeout.
TCP connection timeout.
TCP connection timeout.
TCP connection timeout.
TCP connection timeout.
TCP connection timeout.
TCP connection timeout.
TCP connection timeout.
TCP connection timeout.
TCP connection timeout.
TCP connection timeout.
TCP connection timeout.
Connecting mtalk.google.com:5228 from 127.0.0.1:44728
TCP connection timeout.
TCP connection timeout.
TCP connection timeout.
TCP connection timeout.
TCP connection timeout.
Connecting hm.baidu.com:443 from 127.0.0.1:44734
Local socket: The remote host closed the connection
Local socket: The remote host closed the connection
Local socket: The remote host closed the connection
TCP connection timeout.
TCP connection timeout.
TCP connection timeout.
TCP connection timeout.
TCP connection timeout.
Listen UDP socket state changed to QAbstractSocket::ClosingState
Listen UDP socket state changed to QAbstractSocket::UnconnectedState
Stopped.
ICE default IO error handler doing an exit(), pid = 16835, errno = 32
